<?xml version="1.0" encoding="UTF-8"?>
<testsuite name="statement.service.StatementServiceImpTest" tests="2" skipped="0" failures="0" errors="0" timestamp="2021-05-31T09:15:17" hostname="user-HP-ProBook-450-G7" time="0.015">
  <properties/>
  <testcase name="registeringDuplicateStatement()" classname="statement.service.StatementServiceImpTest" time="0.006"/>
  <testcase name="registeringNewStatement()" classname="statement.service.StatementServiceImpTest" time="0.008"/>
  <system-out><![CDATA[]]></system-out>
  <system-err><![CDATA[]]></system-err>
</testsuite>
